-- The C compiler identification is GNU 9.3.0
-- The CXX compiler identification is GNU 9.3.0
-- Check for working C compiler: /usr/bin/cc
-- Check for working C compiler: /usr/bin/cc -- works
-- Detecting C compiler ABI info
-- Detecting C compiler ABI info - done
-- Detecting C compile features
-- Detecting C compile features - done
-- Check for working CXX compiler: /usr/bin/c++
-- Check for working CXX compiler: /usr/bin/c++ -- works
-- Detecting CXX compiler ABI info
-- Detecting CXX compiler ABI info - done
-- Detecting CXX compile features
-- Detecting CXX compile features - done
-- Found ament_cmake: 0.9.6 (/home/hyunjong/ros2_foxy/install/ament_cmake/share/ament_cmake/cmake)
-- Found PythonInterp: /usr/bin/python3 (found suitable version "3.8.2", minimum required is "3") 
-- Using PYTHON_EXECUTABLE: /usr/bin/python3
-- Found rclcpp: 2.0.2 (/home/hyunjong/ros2_foxy/install/rclcpp/share/rclcpp/cmake)
-- Using all available rosidl_typesupport_c: rosidl_typesupport_introspection_c;rosidl_typesupport_fastrtps_c
-- Found rosidl_adapter: 1.0.1 (/home/hyunjong/ros2_foxy/install/rosidl_adapter/share/rosidl_adapter/cmake)
-- Found FastRTPS: /home/hyunjong/ros2_foxy/install/fastrtps/include  
-- Using all available rosidl_typesupport_cpp: rosidl_typesupport_introspection_cpp;rosidl_typesupport_fastrtps_cpp
-- Found rmw_implementation_cmake: 1.0.1 (/home/hyunjong/ros2_foxy/install/rmw_implementation_cmake/share/rmw_implementation_cmake/cmake)
-- Using RMW implementation 'rmw_fastrtps_cpp' as default
-- Looking for pthread.h
-- Looking for pthread.h - found
-- Performing Test CMAKE_HAVE_LIBC_PTHREAD
-- Performing Test CMAKE_HAVE_LIBC_PTHREAD - Failed
-- Looking for pthread_create in pthreads
-- Looking for pthread_create in pthreads - not found
-- Looking for pthread_create in pthread
-- Looking for pthread_create in pthread - found
-- Found Threads: TRUE  
-- Found example_interfaces: 0.9.0 (/home/hyunjong/ros2_foxy/install/example_interfaces/share/example_interfaces/cmake)
-- Found ament_lint_auto: 0.9.5 (/home/hyunjong/ros2_foxy/install/ament_lint_auto/share/ament_lint_auto/cmake)
-- Added test 'copyright' to check source files copyright and LICENSE
-- Added test 'cppcheck' to perform static code analysis on C / C++ code
-- Configured cppcheck include dirs: 
-- Configured cppcheck exclude dirs and/or files: 
-- Added test 'cpplint' to check C / C++ code against the Google style
-- Configured cpplint exclude dirs and/or files: 
-- Added test 'lint_cmake' to check CMake code style
-- Added test 'uncrustify' to check C / C++ code style
-- Configured uncrustify additional arguments: 
-- Added test 'xmllint' to check XML markup files
-- Configuring done
-- Generating done
-- Build files have been written to: /home/hyunjong/ros2_ws/build/cpp_srvcli
[35m[1mScanning dependencies of target server[0m
[ 50%] [32mBuilding CXX object CMakeFiles/server.dir/src/add_two_ints_server.cpp.o[0m
[01m[K/home/hyunjong/ros2_ws/src/cpp_srvcli/src/add_two_ints_server.cpp:1:1:[m[K [01;31m[Kerror: [m[Kâ€˜[01m[Kinclude[m[Kâ€™ does not name a type
    1 | [01;31m[Kinclude[m[K "rclcpp/rclcpp.hpp"
      | [01;31m[K^~~~~~~[m[K
In file included from [01m[K/usr/include/c++/9/bits/move.h:55[m[K,
                 from [01m[K/usr/include/c++/9/bits/stl_pair.h:59[m[K,
                 from [01m[K/usr/include/c++/9/utility:70[m[K,
                 from [01m[K/usr/include/c++/9/algorithm:60[m[K,
                 from [01m[K/home/hyunjong/ros2_foxy/install/rosidl_runtime_cpp/include/rosidl_runtime_cpp/bounded_vector.hpp:18[m[K,
                 from [01m[K/home/hyunjong/ros2_foxy/install/example_interfaces/include/example_interfaces/srv/detail/add_two_ints__struct.hpp:8[m[K,
                 from [01m[K/home/hyunjong/ros2_foxy/install/example_interfaces/include/example_interfaces/srv/add_two_ints.hpp:7[m[K,
                 from [01m[K/home/hyunjong/ros2_ws/src/cpp_srvcli/src/add_two_ints_server.cpp:2[m[K:
[01m[K/usr/include/c++/9/type_traits:361:31:[m[K [01;31m[Kerror: [m[Kâ€˜[01m[Kstd::size_t[m[Kâ€™ has not been declared
  361 |   template<typename _Tp, std::[01;31m[Ksize_t[m[K _Size>
      |                               [01;31m[K^~~~~~[m[K
[01m[K/usr/include/c++/9/type_traits:362:25:[m[K [01;31m[Kerror: [m[Kâ€˜[01m[K_Size[m[Kâ€™ was not declared in this scope
  362 |     struct is_array<_Tp[[01;31m[K_Size[m[K]>
      |                         [01;31m[K^~~~~[m[K
[01m[K/usr/include/c++/9/type_traits:362:31:[m[K [01;31m[Kerror: [m[Ktemplate argument 1 is invalid
  362 |     struct is_array<_Tp[_Size][01;31m[K>[m[K
      |                               [01;31m[K^[m[K
[01m[K/usr/include/c++/9/type_traits:560:42:[m[K [01;31m[Kerror: [m[Kâ€˜[01m[Knullptr_t[m[Kâ€™ is not a member of â€˜[01m[Kstd[m[Kâ€™
  560 |     struct __is_null_pointer_helper<std::[01;31m[Knullptr_t[m[K>
      |                                          [01;31m[K^~~~~~~~~[m[K
[01m[K/usr/include/c++/9/type_traits:560:42:[m[K [01;31m[Kerror: [m[Kâ€˜[01m[Knullptr_t[m[Kâ€™ is not a member of â€˜[01m[Kstd[m[Kâ€™
[01m[K/usr/include/c++/9/type_traits:560:51:[m[K [01;31m[Kerror: [m[Ktemplate argument 1 is invalid
  560 |     struct __is_null_pointer_helper<std::nullptr_t[01;31m[K>[m[K
      |                                                   [01;31m[K^[m[K
[01m[K/usr/include/c++/9/type_traits:1253:37:[m[K [01;31m[Kerror: [m[Kâ€˜[01m[Ksize_t[m[Kâ€™ is not a member of â€˜[01m[Kstd[m[Kâ€™
 1253 |     : public integral_constant<std::[01;31m[Ksize_t[m[K, alignof(_Tp)> { };
      |                                     [01;31m[K^~~~~~[m[K
[01m[K/usr/include/c++/9/type_traits:1253:37:[m[K [01;31m[Kerror: [m[Kâ€˜[01m[Ksize_t[m[Kâ€™ is not a member of â€˜[01m[Kstd[m[Kâ€™
[01m[K/usr/include/c++/9/type_traits:1253:57:[m[K [01;31m[Kerror: [m[Ktemplate argument 1 is invalid
 1253 |     : public integral_constant<std::size_t, alignof(_Tp)[01;31m[K>[m[K { };
      |                                                         [01;31m[K^[m[K
[01m[K/usr/include/c++/9/type_traits:1253:57:[m[K [01;36m[Knote: [m[Kinvalid template non-type parameter
[01m[K/usr/include/c++/9/type_traits:1258:37:[m[K [01;31m[Kerror: [m[Kâ€˜[01m[Ksize_t[m[Kâ€™ is not a member of â€˜[01m[Kstd[m[Kâ€™
 1258 |     : public integral_constant<std::[01;31m[Ksize_t[m[K, 0> { };
      |                                     [01;31m[K^~~~~~[m[K
[01m[K/usr/include/c++/9/type_traits:1258:37:[m[K [01;31m[Kerror: [m[Kâ€˜[01m[Ksize_t[m[Kâ€™ is not a member of â€˜[01m[Kstd[m[Kâ€™
[01m[K/usr/include/c++/9/type_traits:1258:46:[m[K [01;31m[Kerror: [m[Ktemplate argument 1 is invalid
 1258 |     : public integral_constant<std::size_t, 0[01;31m[K>[m[K { };
      |                                              [01;31m[K^[m[K
[01m[K/usr/include/c++/9/type_traits:1258:46:[m[K [01;36m[Knote: [m[Kinvalid template non-type parameter
[01m[K/usr/include/c++/9/type_traits:1260:31:[m[K [01;31m[Kerror: [m[Kâ€˜[01m[Kstd::size_t[m[Kâ€™ has not been declared
 1260 |   template<typename _Tp, std::[01;31m[Ksize_t[m[K _Size>
      |                               [01;31m[K^~~~~~[m[K
[01m[K/usr/include/c++/9/type_traits:1261:21:[m[K [01;31m[Kerror: [m[Kâ€˜[01m[K_Size[m[Kâ€™ was not declared in this scope
 1261 |     struct rank<_Tp[[01;31m[K_Size[m[K]>
      |                     [01;31m[K^~~~~[m[K
[01m[K/usr/include/c++/9/type_traits:1261:27:[m[K [01;31m[Kerror: [m[Ktemplate argument 1 is invalid
 1261 |     struct rank<_Tp[_Size][01;31m[K>[m[K
      |                           [01;31m[K^[m[K
[01m[K/usr/include/c++/9/type_traits:1262:37:[m[K [01;31m[Kerror: [m[Kâ€˜[01m[Ksize_t[m[Kâ€™ is not a member of â€˜[01m[Kstd[m[Kâ€™
 1262 |     : public integral_constant<std::[01;31m[Ksize_t[m[K, 1 + rank<_Tp>::value> { };
      |                                     [01;31m[K^~~~~~[m[K
[01m[K/usr/include/c++/9/type_traits:1262:37:[m[K [01;31m[Kerror: [m[Kâ€˜[01m[Ksize_t[m[Kâ€™ is not a member of â€˜[01m[Kstd[m[Kâ€™
[01m[K/usr/include/c++/9/type_traits:1262:65:[m[K [01;31m[Kerror: [m[Ktemplate argument 1 is invalid
 1262 |     : public integral_constant<std::size_t, 1 + rank<_Tp>::value[01;31m[K>[m[K { };
      |                                                                 [01;31m[K^[m[K
[01m[K/usr/include/c++/9/type_traits:1262:65:[m[K [01;36m[Knote: [m[Kinvalid template non-type parameter
[01m[K/usr/include/c++/9/type_traits:1266:37:[m[K [01;31m[Kerror: [m[Kâ€˜[01m[Ksize_t[m[Kâ€™ is not a member of â€˜[01m[Kstd[m[Kâ€™
 1266 |     : public integral_constant<std::[01;31m[Ksize_t[m[K, 1 + rank<_Tp>::value> { };
      |                                     [01;31m[K^~~~~~[m[K
[01m[K/usr/include/c++/9/type_traits:1266:37:[m[K [01;31m[Kerror: [m[Kâ€˜[01m[Ksize_t[m[Kâ€™ is not a member of â€˜[01m[Kstd[m[Kâ€™
[01m[K/usr/include/c++/9/type_traits:1266:65:[m[K [01;31m[Kerror: [m[Ktemplate argument 1 is invalid
 1266 |     : public integral_constant<std::size_t, 1 + rank<_Tp>::value[01;31m[K>[m[K { };
      |                                                                 [01;31m[K^[m[K
[01m[K/usr/include/c++/9/type_traits:1266:65:[m[K [01;36m[Knote: [m[Kinvalid template non-type parameter
[01m[K/usr/include/c++/9/type_traits:1271:37:[m[K [01;31m[Kerror: [m[Kâ€˜[01m[Ksize_t[m[Kâ€™ is not a member of â€˜[01m[Kstd[m[Kâ€™
 1271 |     : public integral_constant<std::[01;31m[Ksize_t[m[K, 0> { };
      |                                     [01;31m[K^~~~~~[m[K
[01m[K/usr/include/c++/9/type_traits:1271:37:[m[K [01;31m[Kerror: [m[Kâ€˜[01m[Ksize_t[m[Kâ€™ is not a member of â€˜[01m[Kstd[m[Kâ€™
[01m[K/usr/include/c++/9/type_traits:1271:46:[m[K [01;31m[Kerror: [m[Ktemplate argument 1 is invalid
 1271 |     : public integral_constant<std::size_t, 0[01;31m[K>[m[K { };
      |                                              [01;31m[K^[m[K
[01m[K/usr/include/c++/9/type_traits:1271:46:[m[K [01;36m[Knote: [m[Kinvalid template non-type parameter
[01m[K/usr/include/c++/9/type_traits:1273:47:[m[K [01;31m[Kerror: [m[Kâ€˜[01m[Kstd::size_t[m[Kâ€™ has not been declared
 1273 |   template<typename _Tp, unsigned _Uint, std::[01;31m[Ksize_t[m[K _Size>
      |                                               [01;31m[K^~~~~~[m[K
[01m[K/usr/include/c++/9/type_traits:1274:23:[m[K [01;31m[Kerror: [m[Kâ€˜[01m[K_Size[m[Kâ€™ was not declared in this scope
 1274 |     struct extent<_Tp[[01;31m[K_Size[m[K], _Uint>
      |                       [01;31m[K^~~~~[m[K
[01m[K/usr/include/c++/9/type_traits:1274:36:[m[K [01;31m[Kerror: [m[Ktemplate argument 1 is invalid
 1274 |     struct extent<_Tp[_Size], _Uint[01;31m[K>[m[K
      |                                    [01;31m[K^[m[K
[01m[K/usr/include/c++/9/type_traits:1275:37:[m[K [01;31m[Kerror: [m[Kâ€˜[01m[Ksize_t[m[Kâ€™ is not a member of â€˜[01m[Kstd[m[Kâ€™
 1275 |     : public integral_constant<std::[01;31m[Ksize_t[m[K,
      |                                     [01;31m[K^~~~~~[m[K
[01m[K/usr/include/c++/9/type_traits:1275:37:[m[K [01;31m[Kerror: [m[Kâ€˜[01m[Ksize_t[m[Kâ€™ is not a member of â€˜[01m[Kstd[m[Kâ€™
[01m[K/usr/include/c++/9/type_traits:1276:24:[m[K [01;31m[Kerror: [m[Kâ€˜[01m[K_Size[m[Kâ€™ was not declared in this scope
 1276 |           _Uint == 0 ? [01;31m[K_Size[m[K : extent<_Tp,
      |                        [01;31m[K^~~~~[m[K
[01m[K/usr/include/c++/9/type_traits:1277:28:[m[K [01;31m[Kerror: [m[Ktemplate argument 1 is invalid
 1277 |           _Uint - 1>::value[01;31m[K>[m[K
      |                            [01;31m[K^[m[K
[01m[K/usr/include/c++/9/type_traits:1277:28:[m[K [01;36m[Knote: [m[Kinvalid template non-type parameter
[01m[K/usr/include/c++/9/type_traits:1282:37:[m[K [01;31m[Kerror: [m[Kâ€˜[01m[Ksize_t[m[Kâ€™ is not a member of â€˜[01m[Kstd[m[Kâ€™
 1282 |     : public integral_constant<std::[01;31m[Ksize_t[m[K,
      |                                     [01;31m[K^~~~~~[m[K
[01m[K/usr/include/c++/9/type_traits:1282:37:[m[K [01;31m[Kerror: [m[Kâ€˜[01m[Ksize_t[m[Kâ€™ is not a member of â€˜[01m[Kstd[m[Kâ€™
[01m[K/usr/include/c++/9/type_traits:1284:31:[m[K [01;31m[Kerror: [m[Ktemplate argument 1 is invalid
 1284 |              _Uint - 1>::value[01;31m[K>[m[K
      |                               [01;31m[K^[m[K
[01m[K/usr/include/c++/9/type_traits:1284:31:[m[K [01;36m[Knote: [m[Kinvalid template non-type parameter
[01m[K/usr/include/c++/9/type_traits:1616:26:[m[K [01;31m[Kerror: [m[Kâ€˜[01m[Ksize_t[m[Kâ€™ does not name a type
 1616 |       { static constexpr [01;31m[Ksize_t[m[K __size = sizeof(_Tp); };
      |                          [01;31m[K^~~~~~[m[K
In file included from [01m[K/usr/include/c++/9/bits/move.h:55[m[K,
                 from [01m[K/usr/include/c++/9/bits/stl_pair.h:59[m[K,
                 from [01m[K/usr/include/c++/9/utility:70[m[K,
                 from [01m[K/usr/include/c++/9/algorithm:60[m[K,
                 from [01m[K/home/hyunjong/ros2_foxy/install/rosidl_runtime_cpp/include/rosidl_runtime_cpp/bounded_vector.hpp:18[m[K,
                 from [01m[K/home/hyunjong/ros2_foxy/install/example_interfaces/include/example_interfaces/srv/detail/add_two_ints__struct.hpp:8[m[K,
                 from [01m[K/home/hyunjong/ros2_foxy/install/example_interfaces/include/example_interfaces/srv/add_two_ints.hpp:7[m[K,
                 from [01m[K/home/hyunjong/ros2_ws/src/cpp_srvcli/src/add_two_ints_server.cpp:2[m[K:
[01m[K/usr/include/c++/9/type_traits:1:1:[m[K [01;36m[Knote: [m[Kâ€˜[01m[Ksize_t[m[Kâ€™ is defined in header â€˜[01m[K<cstddef>[m[Kâ€™; did you forget to â€˜[01m[K#include <cstddef>[m[Kâ€™?
  +++ |+[32m[K#include <cstddef>[m[K
    1 | // C++11 <type_traits> -*- C++ -*-
In file included from [01m[K/usr/include/c++/9/bits/move.h:55[m[K,
                 from [01m[K/usr/include/c++/9/bits/stl_pair.h:59[m[K,
                 from [01m[K/usr/include/c++/9/utility:70[m[K,
                 from [01m[K/usr/include/c++/9/algorithm:60[m[K,
                 from [01m[K/home/hyunjong/ros2_foxy/install/rosidl_runtime_cpp/include/rosidl_runtime_cpp/bounded_vector.hpp:18[m[K,
                 from [01m[K/home/hyunjong/ros2_foxy/install/example_interfaces/include/example_interfaces/srv/detail/add_two_ints__struct.hpp:8[m[K,
                 from [01m[K/home/hyunjong/ros2_foxy/install/example_interfaces/include/example_interfaces/srv/add_two_ints.hpp:7[m[K,
                 from [01m[K/home/hyunjong/ros2_ws/src/cpp_srvcli/src/add_two_ints_server.cpp:2[m[K:
[01m[K/usr/include/c++/9/type_traits:1618:14:[m[K [01;31m[Kerror: [m[Kâ€˜[01m[Ksize_t[m[Kâ€™ has not been declared
 1618 |     template<[01;31m[Ksize_t[m[K _Sz, typename _Tp, bool = (_Sz <= _Tp::__size)>
      |              [01;31m[K^~~~~~[m[K
[01m[K/usr/include/c++/9/type_traits:1618:48:[m[K [01;31m[Kerror: [m[Kâ€˜[01m[K_Sz[m[Kâ€™ was not declared in this scope
 1618 |     template<size_t _Sz, typename _Tp, bool = ([01;31m[K_Sz[m[K <= _Tp::__size)>
      |                                                [01;31m[K^~~[m[K
[01m[K/usr/include/c++/9/type_traits:1619:14:[m[K [01;31m[Kerror: [m[Kno default argument for â€˜[01m[K_Tp[m[Kâ€™
 1619 |       struct [01;31m[K__select[m[K;
      |              [01;31m[K^~~~~~~~[m[K
[01m[K/usr/include/c++/9/type_traits:1621:14:[m[K [01;31m[Kerror: [m[Kâ€˜[01m[Ksize_t[m[Kâ€™ has not been declared
 1621 |     template<[01;31m[Ksize_t[m[K _Sz, typename _Uint, typename... _UInts>
      |              [01;31m[K^~~~~~[m[K
[01m[K/usr/include/c++/9/type_traits:1622:23:[m[K [01;31m[Kerror: [m[Kâ€˜[01m[K_Sz[m[Kâ€™ was not declared in this scope
 1622 |       struct __select<[01;31m[K_Sz[m[K, _List<_Uint, _UInts...>, true>
      |                       [01;31m[K^~~[m[K
[01m[K/usr/include/c++/9/type_traits:1622:57:[m[K [01;31m[Kerror: [m[Ktemplate argument 1 is invalid
 1622 |       struct __select<_Sz, _List<_Uint, _UInts...>, true[01;31m[K>[m[K
      |                                                         [01;31m[K^[m[K
[01m[K/usr/include/c++/9/type_traits:1625:14:[m[K [01;31m[Kerror: [m[Kâ€˜[01m[Ksize_t[m[Kâ€™ has not been declared
 1625 |     template<[01;31m[Ksize_t[m[K _Sz, typename _Uint, typename... _UInts>
      |              [01;31m[K^~~~~~[m[K
[01m[K/usr/include/c++/9/type_traits:1626:23:[m[K [01;31m[Kerror: [m[Kâ€˜[01m[K_Sz[m[Kâ€™ was not declared in this scope
 1626 |       struct __select<[01;31m[K_Sz[m[K, _List<_Uint, _UInts...>, false>
      |                       [01;31m[K^~~[m[K
[01m[K/usr/include/c++/9/type_traits:1626:58:[m[K [01;31m[Kerror: [m[Ktemplate argument 1 is invalid
 1626 |       struct __select<_Sz, _List<_Uint, _UInts...>, false[01;31m[K>[m[K
      |                                                          [01;31m[K^[m[K
[01m[K/usr/include/c++/9/type_traits:1627:18:[m[K [01;31m[Kerror: [m[Kâ€˜[01m[K_Sz[m[Kâ€™ was not declared in this scope
 1627 |       : __select<[01;31m[K_Sz[m[K, _List<_UInts...>>
      |                  [01;31m[K^~~[m[K
[01m[K/usr/include/c++/9/type_traits:1627:38:[m[K [01;31m[Kerror: [m[Ktemplate argument 1 is invalid
 1627 |       : __select<_Sz, _List<_UInts...[01;31m[K>>[m[K
      |                                      [01;31m[K^~[m[K
[01m[K/usr/include/c++/9/type_traits:1618:52:[m[K [01;31m[Kerror: [m[Kâ€˜[01m[K__size[m[Kâ€™ is not a member of â€˜[01m[Kstd::__make_unsigned_selector_base::_List<unsigned char, short unsigned int, unsigned int, long unsigned int, long long unsigned int>[m[Kâ€™
 1618 |     template<size_t _Sz, typename _Tp, bool = [01;31m[K(_Sz <= _Tp::__size)[m[K>
      |                                               [01;31m[K~~~~~^~~~~~~~~~~~~~~[m[K
[01m[K/usr/include/c++/9/type_traits:1640:68:[m[K [01;31m[Kerror: [m[Ktemplate argument 3 is invalid
 1640 |       using __unsigned_type = typename __select<sizeof(_Tp), _UInts[01;31m[K>[m[K::__type;
      |                                                                    [01;31m[K^[m[K
[01m[K/usr/include/c++/9/type_traits:1644:40:[m[K [01;31m[Kerror: [m[Kâ€˜[01m[K__unsigned_type[m[Kâ€™ was not declared in this scope
 1644 |  = typename __match_cv_qualifiers<_Tp, [01;31m[K__unsigned_type[m[K>::__type;
      |                                        [01;31m[K^~~~~~~~~~~~~~~[m[K
[01m[K/usr/include/c++/9/type_traits:1644:55:[m[K [01;31m[Kerror: [m[Ktemplate argument 2 is invalid
 1644 |  = typename __match_cv_qualifiers<_Tp, __unsigned_type[01;31m[K>[m[K::__type;
      |                                                       [01;31m[K^[m[K
[01m[K/usr/include/c++/9/type_traits:1656:61:[m[K [01;31m[Kerror: [m[Kâ€˜[01m[K__type[m[Kâ€™ in â€˜[01m[Kclass std::__make_unsigned_selector<wchar_t, false, true>[m[Kâ€™ does not name a type
 1656 |  = typename __make_unsigned_selector<wchar_t, false, true>::[01;31m[K__type[m[K;
      |                                                             [01;31m[K^~~~~~[m[K
[01m[K/usr/include/c++/9/type_traits:1673:62:[m[K [01;31m[Kerror: [m[Kâ€˜[01m[K__type[m[Kâ€™ in â€˜[01m[Kclass std::__make_unsigned_selector<char16_t, false, true>[m[Kâ€™ does not name a type
 1673 |  = typename __make_unsigned_selector<char16_t, false, true>::[01;31m[K__type[m[K;
      |                                                              [01;31m[K^~~~~~[m[K
[01m[K/usr/include/c++/9/type_traits:1680:62:[m[K [01;31m[Kerror: [m[Kâ€˜[01m[K__type[m[Kâ€™ in â€˜[01m[Kclass std::__make_unsigned_selector<char32_t, false, true>[m[Kâ€™ does not name a type
 1680 |  = typename __make_unsigned_selector<char32_t, false, true>::[01;31m[K__type[m[K;
      |                                                              [01;31m[K^~~~~~[m[K
/usr/include/c++/9/type_traits: In instantiation of â€˜[01m[Kclass std::__make_unsigned_selector<wchar_t, true, false>[m[Kâ€™:
[01m[K/usr/include/c++/9/type_traits:1767:62:[m[K   required from â€˜[01m[Kclass std::__make_signed_selector<wchar_t, false, true>[m[Kâ€™
[01m[K/usr/include/c++/9/type_traits:1782:57:[m[K   required from here
[01m[K/usr/include/c++/9/type_traits:1601:13:[m[K [01;31m[Kerror: [m[Kno type named â€˜[01m[K__type[m[Kâ€™ in â€˜[01m[Kstruct std::__make_unsigned<wchar_t>[m[Kâ€™
 1601 |       using [01;31m[K__unsigned_type[m[K
      |             [01;31m[K^~~~~~~~~~~~~~~[m[K
[01m[K/usr/include/c++/9/type_traits:1605:13:[m[K [01;31m[Kerror: [m[Kno type named â€˜[01m[K__type[m[Kâ€™ in â€˜[01m[Kstruct std::__make_unsigned<wchar_t>[m[Kâ€™
 1605 |       using [01;31m[K__type[m[K
      |             [01;31m[K^~~~~~[m[K
[01m[K/usr/include/c++/9/type_traits:1782:59:[m[K [01;31m[Kerror: [m[Kinvalid combination of multiple type-specifiers
 1782 |  = typename __make_signed_selector<wchar_t, false, true>::[01;31m[K__type[m[K;
      |                                                           [01;31m[K^~~~~~[m[K
/usr/include/c++/9/type_traits: In instantiation of â€˜[01m[Kclass std::__make_unsigned_selector<char16_t, true, false>[m[Kâ€™:
[01m[K/usr/include/c++/9/type_traits:1767:62:[m[K   required from â€˜[01m[Kclass std::__make_signed_selector<char16_t, false, true>[m[Kâ€™
[01m[K/usr/include/c++/9/type_traits:1799:58:[m[K   required from here
[01m[K/usr/include/c++/9/type_traits:1601:13:[m[K [01;31m[Kerror: [m[Kno type named â€˜[01m[K__type[m[Kâ€™ in â€˜[01m[Kstruct std::__make_unsigned<char16_t>[m[Kâ€™
 1601 |       using [01;31m[K__unsigned_type[m[K
      |             [01;31m[K^~~~~~~~~~~~~~~[m[K
[01m[K/usr/include/c++/9/type_traits:1605:13:[m[K [01;31m[Kerror: [m[Kno type named â€˜[01m[K__type[m[Kâ€™ in â€˜[01m[Kstruct std::__make_unsigned<char16_t>[m[Kâ€™
 1605 |       using [01;31m[K__type[m[K
      |             [01;31m[K^~~~~~[m[K
[01m[K/usr/include/c++/9/type_traits:1799:60:[m[K [01;31m[Kerror: [m[Kinvalid combination of multiple type-specifiers
 1799 |  = typename __make_signed_selector<char16_t, false, true>::[01;31m[K__type[m[K;
      |                                                            [01;31m[K^~~~~~[m[K
/usr/include/c++/9/type_traits: In instantiation of â€˜[01m[Kclass std::__make_unsigned_selector<char32_t, true, false>[m[Kâ€™:
[01m[K/usr/include/c++/9/type_traits:1767:62:[m[K   required from â€˜[01m[Kclass std::__make_signed_selector<char32_t, false, true>[m[Kâ€™
[01m[K/usr/include/c++/9/type_traits:1806:58:[m[K   required from here
[01m[K/usr/include/c++/9/type_traits:1601:13:[m[K [01;31m[Kerror: [m[Kno type named â€˜[01m[K__type[m[Kâ€™ in â€˜[01m[Kstruct std::__make_unsigned<char32_t>[m[Kâ€™
 1601 |       using [01;31m[K__unsigned_type[m[K
      |             [01;31m[K^~~~~~~~~~~~~~~[m[K
[01m[K/usr/include/c++/9/type_traits:1605:13:[m[K [01;31m[Kerror: [m[Kno type named â€˜[01m[K__type[m[Kâ€™ in â€˜[01m[Kstruct std::__make_unsigned<char32_t>[m[Kâ€™
 1605 |       using [01;31m[K__type[m[K
      |             [01;31m[K^~~~~~[m[K
[01m[K/usr/include/c++/9/type_traits:1806:60:[m[K [01;31m[Kerror: [m[Kinvalid combination of multiple type-specifiers
 1806 |  = typename __make_signed_selector<char32_t, false, true>::[01;31m[K__type[m[K;
      |                                                            [01;31m[K^~~~~~[m[K
[01m[K/usr/include/c++/9/type_traits:1838:31:[m[K [01;31m[Kerror: [m[Kâ€˜[01m[Kstd::size_t[m[Kâ€™ has not been declared
 1838 |   template<typename _Tp, std::[01;31m[Ksize_t[m[K _Size>
      |                               [01;31m[K^~~~~~[m[K
[01m[K/usr/include/c++/9/type_traits:1839:30:[m[K [01;31m[Kerror: [m[Kâ€˜[01m[K_Size[m[Kâ€™ was not declared in this scope
 1839 |     struct remove_extent<_Tp[[01;31m[K_Size[m[K]>
      |                              [01;31m[K^~~~~[m[K
[01m[K/usr/include/c++/9/type_traits:1839:36:[m[K [01;31m[Kerror: [m[Ktemplate argument 1 is invalid
 1839 |     struct remove_extent<_Tp[_Size][01;31m[K>[m[K
      |                                    [01;31m[K^[m[K
[01m[K/usr/include/c++/9/type_traits:1851:31:[m[K [01;31m[Kerror: [m[Kâ€˜[01m[Kstd::size_t[m[Kâ€™ has not been declared
 1851 |   template<typename _Tp, std::[01;31m[Ksize_t[m[K _Size>
      |                               [01;31m[K^~~~~~[m[K
[01m[K/usr/include/c++/9/type_traits:1852:35:[m[K [01;31m[Kerror: [m[Kâ€˜[01m[K_Size[m[Kâ€™ was not declared in this scope
 1852 |     struct remove_all_extents<_Tp[[01;31m[K_Size[m[K]>
      |                                   [01;31m[K^~~~~[m[K
[01m[K/usr/include/c++/9/type_traits:1852:41:[m[K [01;31m[Kerror: [m[Ktemplate argument 1 is invalid
 1852 |     struct remove_all_extents<_Tp[_Size][01;31m[K>[m[K
      |                                         [01;31m[K^[m[K
[01m[K/usr/include/c++/9/type_traits:1910:17:[m[K [01;31m[Kerror: [m[Kâ€˜[01m[Kstd::size_t[m[Kâ€™ has not been declared
 1910 |   template<std::[01;31m[Ksize_t[m[K _Len>
      |                 [01;31m[K^~~~~~[m[K
[01m[K/usr/include/c++/9/type_traits:1915:23:[m[K [01;31m[Kerror: [m[Kâ€˜[01m[K_Len[m[Kâ€™ was not declared in this scope
 1915 |  unsigned char __data[[01;31m[K_Len[m[K];
      |                       [01;31m[K^~~~[m[K
[01m[K/usr/include/c++/9/type_traits:1930:17:[m[K [01;31m[Kerror: [m[Kâ€˜[01m[Kstd::size_t[m[Kâ€™ has not been declared
 1930 |   template<std::[01;31m[Ksize_t[m[K _Len, std::size_t _Align =
      |                 [01;31m[K^~~~~~[m[K
[01m[K/usr/include/c++/9/type_traits:1930:35:[m[K [01;31m[Kerror: [m[Kâ€˜[01m[Kstd::size_t[m[Kâ€™ has not been declared
 1930 |   template<std::size_t _Len, std::[01;31m[Ksize_t[m[K _Align =
      |                                   [01;31m[K^~~~~~[m[K
[01m[K/usr/include/c++/9/type_traits:1931:48:[m[K [01;31m[Kerror: [m[Kâ€˜[01m[K_Len[m[Kâ€™ was not declared in this scope
 1931 |     __alignof__(typename __aligned_storage_msa<[01;31m[K_Len[m[K>::__type)>
      |                                                [01;31m[K^~~~[m[K
[01m[K/usr/include/c++/9/type_traits:1931:52:[m[K [01;31m[Kerror: [m[Ktemplate argument 1 is invalid
 1931 |     __alignof__(typename __aligned_storage_msa<_Len[01;31m[K>[m[K::__type)>
      |                                                    [01;31m[K^[m[K
[01m[K/usr/include/c++/9/type_traits:1936:23:[m[K [01;31m[Kerror: [m[Kâ€˜[01m[K_Len[m[Kâ€™ was not declared in this scope
 1936 |  unsigned char __data[[01;31m[K_Len[m[K];
      |                       [01;31m[K^~~~[m[K
[01m[K/usr/include/c++/9/type_traits:1937:37:[m[K [01;31m[Kerror: [m[Kâ€˜[01m[K_Align[m[Kâ€™ was not declared in this scope
 1937 |  struct __attribute__((__aligned__(([01;31m[K_Align[m[K)))) { } __align;
      |                                     [01;31m[K^~~~~~[m[K
[01m[K/usr/include/c++/9/type_traits:1944:20:[m[K [01;31m[Kerror: [m[Kâ€˜[01m[Ksize_t[m[Kâ€™ does not name a type
 1944 |       static const [01;31m[Ksize_t[m[K _S_alignment = 0;
      |                    [01;31m[K^~~~~~[m[K
[01m[K/usr/include/c++/9/type_traits:1944:20:[m[K [01;36m[Knote: [m[Kâ€˜[01m[Ksize_t[m[Kâ€™ is defined in header â€˜[01m[K<cstddef>[m[Kâ€™; did you forget to â€˜[01m[K#include <cstddef>[m[Kâ€™?
[01m[K/usr/include/c++/9/type_traits:1945:20:[m[K [01;31m[Kerror: [m[Kâ€˜[01m[Ksize_t[m[Kâ€™ does not name a type
 1945 |       static const [01;31m[Ksize_t[m[K _S_size = 0;
      |                    [01;31m[K^~~~~~[m[K
[01m[K/usr/include/c++/9/type_traits:1945:20:[m[K [01;36m[Knote: [m[Kâ€˜[01m[Ksize_t[m[Kâ€™ is defined in header â€˜[01m[K<cstddef>[m[Kâ€™; did you forget to â€˜[01m[K#include <cstddef>[m[Kâ€™?
[01m[K/usr/include/c++/9/type_traits:1951:20:[m[K [01;31m[Kerror: [m[Kâ€˜[01m[Ksize_t[m[Kâ€™ does not name a type
 1951 |       static const [01;31m[Ksize_t[m[K _S_alignment =
      |                    [01;31m[K^~~~~~[m[K
[01m[K/usr/include/c++/9/type_traits:1951:20:[m[K [01;36m[Knote: [m[Kâ€˜[01m[Ksize_t[m[Kâ€™ is defined in header â€˜[01m[K<cstddef>[m[Kâ€™; did you forget to â€˜[01m[K#include <cstddef>[m[Kâ€™?
[01m[K/usr/include/c++/9/type_traits:1954:20:[m[K [01;31m[Kerror: [m[Kâ€˜[01m[Ksize_t[m[Kâ€™ does not name a type
 1954 |       static const [01;31m[Ksize_t[m[K _S_size =
      |                    [01;31m[K^~~~~~[m[K
[01m[K/usr/include/c++/9/type_traits:1954:20:[m[K [01;36m[Knote: [m[Kâ€˜[01m[Ksize_t[m[Kâ€™ is defined in header â€˜[01m[K<cstddef>[m[Kâ€™; did you forget to â€˜[01m[K#include <cstddef>[m[Kâ€™?
[01m[K/usr/include/c++/9/type_traits:1969:13:[m[K [01;31m[Kerror: [m[Kâ€˜[01m[Ksize_t[m[Kâ€™ has not been declared
 1969 |   template <[01;31m[Ksize_t[m[K _Len, typename... _Types>
      |             [01;31m[K^~~~~~[m[K
[01m[K/usr/include/c++/9/type_traits:1976:20:[m[K [01;31m[Kerror: [m[Kâ€˜[01m[Ksize_t[m[Kâ€™ does not name a type
 1976 |       static const [01;31m[Ksize_t[m[K _S_len = _Len > __strictest::_S_size
      |                    [01;31m[K^~~~~~[m[K
[01m[K/usr/include/c++/9/type_traits:1976:20:[m[K [01;36m[Knote: [m[Kâ€˜[01m[Ksize_t[m[Kâ€™ is defined in header â€˜[01m[K<cstddef>[m[Kâ€™; did you forget to â€˜[01m[K#include <cstddef>[m[Kâ€™?
[01m[K/usr/include/c++/9/type_traits:1980:20:[m[K [01;31m[Kerror: [m[Kâ€˜[01m[Ksize_t[m[Kâ€™ does not name a type
 1980 |       static const [01;31m[Ksize_t[m[K alignment_value = __strictest::_S_alignment;
      |                    [01;31m[K^~~~~~[m[K
[01m[K/usr/include/c++/9/type_traits:1980:20:[m[K [01;36m[Knote: [m[Kâ€˜[01m[Ksize_t[m[Kâ€™ is defined in header â€˜[01m[K<cstddef>[m[Kâ€™; did you forget to â€˜[01m[K#include <cstddef>[m[Kâ€™?
[01m[K/usr/include/c++/9/type_traits:1982:40:[m[K [01;31m[Kerror: [m[Kâ€˜[01m[K_S_len[m[Kâ€™ was not declared in this scope
 1982 |       typedef typename aligned_storage<[01;31m[K_S_len[m[K, alignment_value>::type type;
      |                                        [01;31m[K^~~~~~[m[K
[01m[K/usr/include/c++/9/type_traits:1982:48:[m[K [01;31m[Kerror: [m[Kâ€˜[01m[Kalignment_value[m[Kâ€™ was not declared in this scope; did you mean â€˜[01m[Kalignment_of[m[Kâ€™?
 1982 |       typedef typename aligned_storage<_S_len, [01;31m[Kalignment_value[m[K>::type type;
      |                                                [01;31m[K^~~~~~~~~~~~~~~[m[K
      |                                                [32m[Kalignment_of[m[K
[01m[K/usr/include/c++/9/type_traits:1982:63:[m[K [01;31m[Kerror: [m[Ktemplate argument 1 is invalid
 1982 |       typedef typename aligned_storage<_S_len, alignment_value[01;31m[K>[m[K::type type;
      |                                                               [01;31m[K^[m[K
[01m[K/usr/include/c++/9/type_traits:1982:63:[m[K [01;31m[Kerror: [m[Ktemplate argument 2 is invalid
[01m[K/usr/include/c++/9/type_traits:1985:13:[m[K [01;31m[Kerror: [m[Kâ€˜[01m[Ksize_t[m[Kâ€™ has not been declared
 1985 |   template <[01;31m[Ksize_t[m[K _Len, typename... _Types>
      |             [01;31m[K^~~~~~[m[K
[01m[K/usr/include/c++/9/type_traits:1986:11:[m[K [01;31m[Kerror: [m[Kâ€˜[01m[Ksize_t[m[Kâ€™ does not name a type
 1986 |     const [01;31m[Ksize_t[m[K aligned_union<_Len, _Types...>::alignment_value;
      |           [01;31m[K^~~~~~[m[K
[01m[K/usr/include/c++/9/type_traits:1986:11:[m[K [01;36m[Knote: [m[Kâ€˜[01m[Ksize_t[m[Kâ€™ is defined in header â€˜[01m[K<cstddef>[m[Kâ€™; did you forget to â€˜[01m[K#include <cstddef>[m[Kâ€™?
[01m[K/usr/include/c++/9/type_traits:2371:12:[m[K [01;31m[Kerror: [m[Kâ€˜[01m[Ksize_t[m[Kâ€™ has not been declared
 2371 |   template<[01;31m[Ksize_t[m[K _Len, size_t _Align =
      |            [01;31m[K^~~~~~[m[K
[01m[K/usr/include/c++/9/type_traits:2371:25:[m[K [01;31m[Kerror: [m[Kâ€˜[01m[Ksize_t[m[Kâ€™ has not been declared
 2371 |   template<size_t _Len, [01;31m[Ksize_t[m[K _Align =
      |                         [01;31m[K^~~~~~[m[K
[01m[K/usr/include/c++/9/type_traits:2372:49:[m[K [01;31m[Kerror: [m[Kâ€˜[01m[K_Len[m[Kâ€™ was not declared in this scope
 2372 |      __alignof__(typename __aligned_storage_msa<[01;31m[K_Len[m[K>::__type)>
      |                                                 [01;31m[K^~~~[m[K
[01m[K/usr/include/c++/9/type_traits:2372:53:[m[K [01;31m[Kerror: [m[Ktemplate argument 1 is invalid
 2372 |      __alignof__(typename __aligned_storage_msa<_Len[01;31m[K>[m[K::__type)>
      |                                                     [01;31m[K^[m[K
[01m[K/usr/include/c++/9/type_traits:2373:56:[m[K [01;31m[Kerror: [m[Kâ€˜[01m[K_Len[m[Kâ€™ was not declared in this scope
 2373 |     using aligned_storage_t = typename aligned_storage<[01;31m[K_Len[m[K, _Align>::type;
      |                                                        [01;31m[K^~~~[m[K
[01m[K/usr/include/c++/9/type_traits:2373:62:[m[K [01;31m[Kerror: [m[Kâ€˜[01m[K_Align[m[Kâ€™ was not declared in this scope
 2373 |     using aligned_storage_t = typename aligned_storage<_Len, [01;31m[K_Align[m[K>::type;
      |                                                              [01;31m[K^~~~~~[m[K
[01m[K/usr/include/c++/9/type_traits:2373:68:[m[K [01;31m[Kerror: [m[Ktemplate argument 1 is invalid
 2373 |     using aligned_storage_t = typename aligned_storage<_Len, _Align[01;31m[K>[m[K::type;
      |                                                                    [01;31m[K^[m[K
[01m[K/usr/include/c++/9/type_traits:2373:68:[m[K [01;31m[Kerror: [m[Ktemplate argument 2 is invalid
[01m[K/usr/include/c++/9/type_traits:2375:13:[m[K [01;31m[Kerror: [m[Kâ€˜[01m[Ksize_t[m[Kâ€™ has not been declared
 2375 |   template <[01;31m[Ksize_t[m[K _Len, typename... _Types>
      |             [01;31m[K^~~~~~[m[K
[01m[K/usr/include/c++/9/type_traits:2376:52:[m[K [01;31m[Kerror: [m[Kâ€˜[01m[K_Len[m[Kâ€™ was not declared in this scope
 2376 |     using aligned_union_t = typename aligned_union<[01;31m[K_Len[m[K, _Types...>::type;
      |                                                    [01;31m[K^~~~[m[K
[01m[K/usr/include/c++/9/type_traits:2376:67:[m[K [01;31m[Kerror: [m[Ktemplate argument 1 is invalid
 2376 |     using aligned_union_t = typename aligned_union<_Len, _Types...[01;31m[K>[m[K::type;
      |                                                                   [01;31m[K^[m[K
[01m[K/usr/include/c++/9/type_traits:2493:26:[m[K [01;31m[Kerror: [m[Kâ€˜[01m[Ksize_t[m[Kâ€™ has not been declared
 2493 |   template<typename _Tp, [01;31m[Ksize_t[m[K _Nm>
      |                          [01;31m[K^~~~~~[m[K
[01m[K/usr/include/c++/9/type_traits:2496:21:[m[K [01;31m[Kerror: [m[Kâ€˜[01m[K_Nm[m[Kâ€™ was not declared in this scope
 2496 |     swap(_Tp (&__a)[[01;31m[K_Nm[m[K], _Tp (&__b)[_Nm])
      |                     [01;31m[K^~~[m[K
[01m[K/usr/include/c++/9/type_traits:2496:24:[m[K [01;31m[Kerror: [m[Kâ€˜[01m[Ktemplate<class _Tp, <declaration error> > typename std::enable_if<std::__is_swappable<_Tp>::value>::type std::swap[m[Kâ€™ conflicts with a previous declaration
 2496 |     swap(_Tp (&__a)[_Nm[01;31m[K][m[K, _Tp (&__b)[_Nm])
      |                        [01;31m[K^[m[K
[01m[K/usr/include/c++/9/type_traits:2489:5:[m[K [01;36m[Knote: [m[Kprevious declaration â€˜[01m[Ktypename std::enable_if<std::__and_<std::__not_<std::__is_tuple_like<_Tp> >, std::is_move_constructible<_Tp>, std::is_move_assignable<_Tp> >::value>::type std::swap(_Tp&, _Tp&)[m[Kâ€™
 2489 |     [01;36m[Kswap[m[K(_Tp&, _Tp&)
      |     [01;36m[K^~~~[m[K
[01m[K/usr/include/c++/9/type_traits:2496:16:[m[K [01;31m[Kerror: [m[Kâ€˜[01m[K__a[m[Kâ€™ was not declared in this scope
 2496 |     swap(_Tp (&[01;31m[K__a[m[K)[_Nm], _Tp (&__b)[_Nm])
      |                [01;31m[K^~~[m[K
[01m[K/usr/include/c++/9/type_traits:2496:21:[m[K [01;31m[Kerror: [m[Kâ€˜[01m[K_Nm[m[Kâ€™ was not declared in this scope
 2496 |     swap(_Tp (&__a)[[01;31m[K_Nm[m[K], _Tp (&__b)[_Nm])
      |                     [01;31m[K^~~[m[K
[01m[K/usr/include/c++/9/type_traits:2496:33:[m[K [01;31m[Kerror: [m[Kâ€˜[01m[K__b[m[Kâ€™ was not declared in this scope
 2496 |     swap(_Tp (&__a)[_Nm], _Tp (&[01;31m[K__b[m[K)[_Nm])
      |                                 [01;31m[K^~~[m[K
[01m[K/usr/include/c++/9/type_traits:2496:38:[m[K [01;31m[Kerror: [m[Kâ€˜[01m[K_Nm[m[Kâ€™ was not declared in this scope
 2496 |     swap(_Tp (&__a)[_Nm], _Tp (&__b)[[01;31m[K_Nm[m[K])
      |                                      [01;31m[K^~~[m[K
[01m[K/usr/include/c++/9/type_traits:2496:43:[m[K [01;31m[Kerror: [m[Kexpected â€˜[01m[K;[m[Kâ€™ before â€˜[01m[Knoexcept[m[Kâ€™
 2496 |     swap(_Tp (&__a)[_Nm], _Tp (&__b)[_Nm])
      |                                           [01;31m[K^[m[K
      |                                           [32m[K;[m[K
 2497 |     [32m[Knoexcept[m[K(__is_nothrow_swappable<_Tp>::value);
      |     [32m[K~~~~~~~~[m[K                               
In file included from [01m[K/usr/include/c++/9/bits/stl_pair.h:59[m[K,
                 from [01m[K/usr/include/c++/9/utility:70[m[K,
                 from [01m[K/usr/include/c++/9/algorithm:60[m[K,
                 from [01m[K/home/hyunjong/ros2_foxy/install/rosidl_runtime_cpp/include/rosidl_runtime_cpp/bounded_vector.hpp:18[m[K,
                 from [01m[K/home/hyunjong/ros2_foxy/install/example_interfaces/include/example_interfaces/srv/detail/add_two_ints__struct.hpp:8[m[K,
                 from [01m[K/home/hyunjong/ros2_foxy/install/example_interfaces/include/example_interfaces/srv/add_two_ints.hpp:7[m[K,
                 from [01m[K/home/hyunjong/ros2_ws/src/cpp_srvcli/src/add_two_ints_server.cpp:2[m[K:
[01m[K/usr/include/c++/9/bits/move.h:201:26:[m[K [01;31m[Kerror: [m[Kâ€˜[01m[Ksize_t[m[Kâ€™ has not been declared
  201 |   template<typename _Tp, [01;31m[Ksize_t[m[K _Nm>
      |                          [01;31m[K^~~~~~[m[K
[01m[K/usr/include/c++/9/bits/move.h:205:21:[m[K [01;31m[Kerror: [m[Kâ€˜[01m[K_Nm[m[Kâ€™ was not declared in this scope
  205 |     swap(_Tp (&__a)[[01;31m[K_Nm[m[K], _Tp (&__b)[_Nm])
      |                     [01;31m[K^~~[m[K
[01m[K/usr/include/c++/9/bits/move.h:205:24:[m[K [01;31m[Kerror: [m[Kâ€˜[01m[Ktemplate<class _Tp, <declaration error> > typename std::enable_if<std::__is_swappable<_Tp>::value>::type std::swap[m[Kâ€™ conflicts with a previous declaration
  205 |     swap(_Tp (&__a)[_Nm[01;31m[K][m[K, _Tp (&__b)[_Nm])
      |                        [01;31m[K^[m[K
[01m[K/usr/include/c++/9/bits/move.h:182:5:[m[K [01;36m[Knote: [m[Kprevious declaration â€˜[01m[Ktypename std::enable_if<std::__and_<std::__not_<std::__is_tuple_like<_Tp> >, std::is_move_constructible<_Tp>, std::is_move_assignable<_Tp> >::value>::type std::swap(_Tp&, _Tp&)[m[Kâ€™
  182 |     [01;36m[Kswap[m[K(_Tp& __a, _Tp& __b)
      |     [01;36m[K^~~~[m[K
[01m[K/usr/include/c++/9/bits/move.h:205:16:[m[K [01;31m[Kerror: [m[Kâ€˜[01m[K__a[m[Kâ€™ was not declared in this scope
  205 |     swap(_Tp (&[01;31m[K__a[m[K)[_Nm], _Tp (&__b)[_Nm])
      |                [01;31m[K^~~[m[K
[01m[K/usr/include/c++/9/bits/move.h:205:21:[m[K [01;31m[Kerror: [m[Kâ€˜[01m[K_Nm[m[Kâ€™ was not declared in this scope
  205 |     swap(_Tp (&__a)[[01;31m[K_Nm[m[K], _Tp (&__b)[_Nm])
      |                     [01;31m[K^~~[m[K
[01m[K/usr/include/c++/9/bits/move.h:205:33:[m[K [01;31m[Kerror: [m[Kâ€˜[01m[K__b[m[Kâ€™ was not declared in this scope
  205 |     swap(_Tp (&__a)[_Nm], _Tp (&[01;31m[K__b[m[K)[_Nm])
      |                                 [01;31m[K^~~[m[K
[01m[K/usr/include/c++/9/bits/move.h:205:38:[m[K [01;31m[Kerror: [m[Kâ€˜[01m[K_Nm[m[Kâ€™ was not declared in this scope
  205 |     swap(_Tp (&__a)[_Nm], _Tp (&__b)[[01;31m[K_Nm[m[K])
      |                                      [01;31m[K^~~[m[K
[01m[K/usr/include/c++/9/bits/move.h:205:43:[m[K [01;31m[Kerror: [m[Kexpected â€˜[01m[K;[m[Kâ€™ before â€˜[01m[Knoexcept[m[Kâ€™
  205 |     swap(_Tp (&__a)[_Nm], _Tp (&__b)[_Nm])
      |                                           [01;31m[K^[m[K
      |                                           [32m[K;[m[K
  206 |     [32m[Knoexcept[m[K(__is_nothrow_swappable<_Tp>::value)
      |     [32m[K~~~~~~~~[m[K                               
In file included from [01m[K/usr/include/c++/9/utility:70[m[K,
                 from [01m[K/usr/include/c++/9/algorithm:60[m[K,
                 from [01m[K/home/hyunjong/ros2_foxy/install/rosidl_runtime_cpp/include/rosidl_runtime_cpp/bounded_vector.hpp:18[m[K,
                 from [01m[K/home/hyunjong/ros2_foxy/install/example_interfaces/include/example_interfaces/srv/detail/add_two_ints__struct.hpp:8[m[K,
                 from [01m[K/home/hyunjong/ros2_foxy/install/example_interfaces/include/example_interfaces/srv/add_two_ints.hpp:7[m[K,
                 from [01m[K/home/hyunjong/ros2_ws/src/cpp_srvcli/src/add_two_ints_server.cpp:2[m[K:
[01m[K/usr/include/c++/9/bits/stl_pair.h:86:17:[m[K [01;31m[Kerror: [m[Kâ€˜[01m[Kstd::size_t[m[Kâ€™ has not been declared
   86 |   template<std::[01;31m[Ksize_t[m[K...>
      |                 [01;31m[K^~~~~~[m[K
[01m[K/usr/include/c++/9/bits/stl_pair.h:434:41:[m[K [01;31m[Kerror: [m[Kâ€˜[01m[Kstd::size_t[m[Kâ€™ has not been declared
  434 |       template<typename... _Args1, std::[01;31m[Ksize_t[m[K... _Indexes1,
      |                                         [01;31m[K^~~~~~[m[K
[01m[K/usr/include/c++/9/bits/stl_pair.h:435:41:[m[K [01;31m[Kerror: [m[Kâ€˜[01m[Kstd::size_t[m[Kâ€™ has not been declared
  435 |                typename... _Args2, std::[01;31m[Ksize_t[m[K... _Indexes2>
      |                                         [01;31m[K^~~~~~[m[K
[01m[K/usr/include/c++/9/bits/stl_pair.h:437:27:[m[K [01;31m[Kerror: [m[Kâ€˜[01m[K_Indexes1[m[Kâ€™ was not declared in this scope
  437 |              _Index_tuple<[01;31m[K_Indexes1[m[K...>, _Index_tuple<_Indexes2...>);
      |                           [01;31m[K^~~~~~~~~[m[K
[01m[K/usr/include/c++/9/bits/stl_pair.h:437:36:[m[K [01;31m[Kerror: [m[Kexpected parameter pack before â€˜[01m[K...[m[Kâ€™
  437 |              _Index_tuple<_Indexes1[01;31m[K...[m[K>, _Index_tuple<_Indexes2...>);
      |                                    [01;31m[K^~~[m[K
[01m[K/usr/include/c++/9/bits/stl_pair.h:437:39:[m[K [01;31m[Kerror: [m[Ktemplate argument 1 is invalid
  437 |              _Index_tuple<_Indexes1...[01;31m[K>[m[K, _Index_tuple<_Indexes2...>);
      |                                       [01;31m[K^[m[K
[01m[K/usr/include/c++/9/bits/stl_pair.h:437:55:[m[K [01;31m[Kerror: [m[Kâ€˜[01m[K_Indexes2[m[Kâ€™ was not declared in this scope
  437 |              _Index_tuple<_Indexes1...>, _Index_tuple<[01;31m[K_Indexes2[m[K...>);
      |                                                       [01;31m[K^~~~~~~~~[m[K
[01m[K/usr/include/c++/9/bits/stl_pair.h:437:64:[m[K [01;31m[Kerror: [m[Kexpected parameter pack before â€˜[01m[K...[m[Kâ€™
  437 |              _Index_tuple<_Indexes1...>, _Index_tuple<_Indexes2[01;31m[K...[m[K>);
      |                                                                [01;31m[K^~~[m[K
[01m[K/usr/include/c++/9/bits/stl_pair.h:437:67:[m[K [01;31m[Kerror: [m[Ktemplate argument 1 is invalid
  437 |              _Index_tuple<_Indexes1...>, _Index_tuple<_Indexes2...[01;31m[K>[m[K);
      |                                                                   [01;31m[K^[m[K
In file included from [01m[K/usr/include/c++/9/utility:76[m[K,
                 from [01m[K/usr/include/c++/9/algorithm:60[m[K,
                 from [01m[K/home/hyunjong/ros2_foxy/install/rosidl_runtime_cpp/include/rosidl_runtime_cpp/bounded_vector.hpp:18[m[K,
                 from [01m[K/home/hyunjong/ros2_foxy/install/example_interfaces/include/example_interfaces/srv/detail/add_two_ints__struct.hpp:8[m[K,
                 from [01m[K/home/hyunjong/ros2_foxy/install/example_interfaces/include/example_interfaces/srv/add_two_ints.hpp:7[m[K,
                 from [01m[K/home/hyunjong/ros2_ws/src/cpp_srvcli/src/add_two_ints_server.cpp:2[m[K:
[01m[K/usr/include/c++/9/initializer_list:53:15:[m[K [01;31m[Kerror: [m[Kâ€˜[01m[Ksize_t[m[Kâ€™ does not name a type
   53 |       typedef [01;31m[Ksize_t[m[K   size_type;
      |               [01;31m[K^~~~~~[m[K
In file included from [01m[K/usr/include/c++/9/utility:76[m[K,
                 from [01m[K/usr/include/c++/9/algorithm:60[m[K,
                 from [01m[K/home/hyunjong/ros2_foxy/install/rosidl_runtime_cpp/include/rosidl_runtime_cpp/bounded_vector.hpp:18[m[K,
                 from [01m[K/home/hyunjong/ros2_foxy/install/example_interfaces/include/example_interfaces/srv/detail/add_two_ints__struct.hpp:8[m[K,
                 from [01m[K/home/hyunjong/ros2_foxy/install/example_interfaces/include/example_interfaces/srv/add_two_ints.hpp:7[m[K,
                 from [01m[K/home/hyunjong/ros2_ws/src/cpp_srvcli/src/add_two_ints_server.cpp:2[m[K:
[01m[K/usr/include/c++/9/initializer_list:1:1:[m[K [01;36m[Knote: [m[Kâ€˜[01m[Ksize_t[m[Kâ€™ is defined in header â€˜[01m[K<cstddef>[m[Kâ€™; did you forget to â€˜[01m[K#include <cstddef>[m[Kâ€™?
  +++ |+[32m[K#include <cstddef>[m[K
    1 | // std::initializer_list support -*- C++ -*-
In file included from [01m[K/usr/include/c++/9/utility:76[m[K,
                 from [01m[K/usr/include/c++/9/algorithm:60[m[K,
                 from [01m[K/home/hyunjong/ros2_foxy/install/rosidl_runtime_cpp/include/rosidl_runtime_cpp/bounded_vector.hpp:18[m[K,
                 from [01m[K/home/hyunjong/ros2_foxy/install/example_interfaces/include/example_interfaces/srv/detail/add_two_ints__struct.hpp:8[m[K,
                 from [01m[K/home/hyunjong/ros2_foxy/install/example_interfaces/include/example_interfaces/srv/add_two_ints.hpp:7[m[K,
                 from [01m[K/home/hyunjong/ros2_ws/src/cpp_srvcli/src/add_two_ints_server.cpp:2[m[K:
[01m[K/usr/include/c++/9/initializer_list:59:7:[m[K [01;31m[Kerror: [m[Kâ€˜[01m[Ksize_type[m[Kâ€™ does not name a type; did you mean â€˜[01m[Ktrue_type[m[Kâ€™?
   59 |       [01;31m[Ksize_type[m[K   _M_len;
      |       [01;31m[K^~~~~~~~~[m[K
      |       [32m[Ktrue_type[m[K
[01m[K/usr/include/c++/9/initializer_list:62:54:[m[K [01;31m[Kerror: [m[Kâ€˜[01m[Ksize_type[m[Kâ€™ has not been declared
   62 |       constexpr initializer_list(const_iterator __a, [01;31m[Ksize_type[m[K __l)
      |                                                      [01;31m[K^~~~~~~~~[m[K
[01m[K/usr/include/c++/9/initializer_list:70:17:[m[K [01;31m[Kerror: [m[Kâ€˜[01m[Ksize_type[m[Kâ€™ does not name a type; did you mean â€˜[01m[Ktrue_type[m[Kâ€™?
   70 |       constexpr [01;31m[Ksize_type[m[K
      |                 [01;31m[K^~~~~~~~~[m[K
      |                 [32m[Ktrue_type[m[K
[01m[K/usr/include/c++/9/initializer_list:47:11:[m[K [01;31m[Kfatal error: [m[Kdefinition of â€˜[01m[Kclass std::initializer_list<_E>[m[Kâ€™ does not match â€˜[01m[K#include <initializer_list>[m[Kâ€™
   47 |     class [01;31m[Kinitializer_list[m[K
      |           [01;31m[K^~~~~~~~~~~~~~~~[m[K
compilation terminated.
make[2]: *** [CMakeFiles/server.dir/build.make:63: CMakeFiles/server.dir/src/add_two_ints_server.cpp.o] Error 1
make[1]: *** [CMakeFiles/Makefile2:78: CMakeFiles/server.dir/all] Error 2
make: *** [Makefile:141: all] Error 2
