[01m[K/home/hyunjong/ros2_ws/src/cpp_pubsub/src/publisher_member_function.cpp:[m[K In function â€˜[01m[Kint main(int, char**)[m[Kâ€™:
[01m[K/home/hyunjong/ros2_ws/src/cpp_pubsub/src/publisher_member_function.cpp:64:11:[m[K [01;31m[Kerror: [m[Kâ€˜[01m[Krclcpp::context[m[Kâ€™ has not been declared
   64 |   rclcpp::[01;31m[Kcontext[m[K::init(argc, argv);
      |           [01;31m[K^~~~~~~[m[K
make[2]: *** [CMakeFiles/talker.dir/build.make:63: CMakeFiles/talker.dir/src/publisher_member_function.cpp.o] Error 1
make[1]: *** [CMakeFiles/Makefile2:107: CMakeFiles/talker.dir/all] Error 2
make: *** [Makefile:141: all] Error 2
